CaptureActivity/build/outputs/logs/manifest-merger-debug-report.txt
-- Merging decision tree log ---
manifest
ADDED from src\main\AndroidManifest.xml:17:1-172:12
INJECTED from src\main\AndroidManifest.xml:17:1-172:12
INJECTED from src\main\AndroidManifest.xml:17:1-172:12
INJECTED from src\main\AndroidManifest.xml:17:1-172:12
INJECTED from src\main\AndroidManifest.xml:17:1-172:12
INJECTED from src\main\AndroidManifest.xml:17:1-172:12
INJECTED from src\main\AndroidManifest.xml:17:1-172:12
	package
		ADDED from src\main\AndroidManifest.xml:18:11-52
		INJECTED from src\main\AndroidManifest.xml
		INJECTED from src\main\AndroidManifest.xml
	android:versionName
		ADDED from src\main\AndroidManifest.xml:19:11-36
		INJECTED from src\main\AndroidManifest.xml
		INJECTED from src\main\AndroidManifest.xml
	xmlns:android
		ADDED from src\main\AndroidManifest.xml:17:11-69
	android:versionCode
		ADDED from src\main\AndroidManifest.xml:20:11-35
		INJECTED from src\main\AndroidManifest.xml
		INJECTED from src\main\AndroidManifest.xml
uses-permission#android.permission.CAMERA
ADDED from src\main\AndroidManifest.xml:22:3-62
	android:name
		ADDED from src\main\AndroidManifest.xml:22:20-60
uses-permission#android.permission.INTERNET
ADDED from src\main\AndroidManifest.xml:23:3-64
	android:name
		ADDED from src\main\AndroidManifest.xml:23:20-62
uses-permission#android.permission.VIBRATE
ADDED from src\main\AndroidManifest.xml:24:3-63
	android:name
		ADDED from src\main\AndroidManifest.xml:24:20-61
uses-permission#android.permission.FLASHLIGHT
ADDED from src\main\AndroidManifest.xml:25:3-66
	android:name
		ADDED from src\main\AndroidManifest.xml:25:20-64
uses-permission#android.permission.READ_CONTACTS
ADDED from src\main\AndroidManifest.xml:26:3-69
	android:name
		ADDED from src\main\AndroidManifest.xml:26:20-67
uses-permission#com.android.browser.permission.READ_HISTORY_BOOKMARKS
ADDED from src\main\AndroidManifest.xml:27:3-90
	android:name
		ADDED from src\main\AndroidManifest.xml:27:20-88
uses-permission#android.permission.WRITE_EXTERNAL_STORAGE
ADDED from src\main\AndroidManifest.xml:28:3-78
	android:name
		ADDED from src\main\AndroidManifest.xml:28:20-76
uses-permission#android.permission.CHANGE_WIFI_STATE
ADDED from src\main\AndroidManifest.xml:29:3-73
	android:name
		ADDED from src\main\AndroidManifest.xml:29:20-71
uses-permission#android.permission.ACCESS_WIFI_STATE
ADDED from src\main\AndroidManifest.xml:30:3-73
	android:name
		ADDED from src\main\AndroidManifest.xml:30:20-71
uses-sdk
ADDED from src\main\AndroidManifest.xml:32:3-33:43
INJECTED from src\main\AndroidManifest.xml:32:3-33:43
INJECTED from src\main\AndroidManifest.xml:32:3-33:43
INJECTED from src\main\AndroidManifest.xml:32:3-33:43
INJECTED from src\main\AndroidManifest.xml:32:3-33:43
	android:targetSdkVersion
		ADDED from src\main\AndroidManifest.xml:33:13-41
		INJECTED from src\main\AndroidManifest.xml
		INJECTED from src\main\AndroidManifest.xml
	android:minSdkVersion
		ADDED from src\main\AndroidManifest.xml:32:13-38
		INJECTED from src\main\AndroidManifest.xml
		INJECTED from src\main\AndroidManifest.xml
uses-feature#android.hardware.camera
ADDED from src\main\AndroidManifest.xml:35:3-57
	android:name
		ADDED from src\main\AndroidManifest.xml:35:17-55
uses-feature#android.hardware.camera.autofocus
ADDED from src\main\AndroidManifest.xml:36:3-92
	android:required
		ADDED from src\main\AndroidManifest.xml:36:66-90
	android:name
		ADDED from src\main\AndroidManifest.xml:36:17-65
uses-feature#android.hardware.camera.flash
ADDED from src\main\AndroidManifest.xml:37:3-88
	android:required
		ADDED from src\main\AndroidManifest.xml:37:62-86
	android:name
		ADDED from src\main\AndroidManifest.xml:37:17-61
uses-feature#android.hardware.screen.landscape
ADDED from src\main\AndroidManifest.xml:38:3-67
	android:name
		ADDED from src\main\AndroidManifest.xml:38:17-65
uses-feature#android.hardware.wifi
ADDED from src\main\AndroidManifest.xml:39:3-80
	android:required
		ADDED from src\main\AndroidManifest.xml:39:54-78
	android:name
		ADDED from src\main\AndroidManifest.xml:39:17-53
uses-feature#android.hardware.touchscreen
ADDED from src\main\AndroidManifest.xml:40:3-87
	android:required
		ADDED from src\main\AndroidManifest.xml:40:61-85
	android:name
		ADDED from src\main\AndroidManifest.xml:40:17-60
supports-screens
ADDED from src\main\AndroidManifest.xml:43:3-46:48
	android:largeScreens
		ADDED from src\main\AndroidManifest.xml:43:21-48
	android:smallScreens
		ADDED from src\main\AndroidManifest.xml:45:21-48
	android:normalScreens
		ADDED from src\main\AndroidManifest.xml:44:21-49
	android:anyDensity
		ADDED from src\main\AndroidManifest.xml:46:21-46
application
ADDED from src\main\AndroidManifest.xml:48:3-170:17
	android:label
		ADDED from src\main\AndroidManifest.xml:49:16-48
activity#com.google.zxing.client.android.CaptureActivity
ADDED from src\main\AndroidManifest.xml:50:5-93:16
	android:screenOrientation
		ADDED from src\main\AndroidManifest.xml:51:15-52
	android:clearTaskOnLaunch
		ADDED from src\main\AndroidManifest.xml:52:15-47
	android:stateNotNeeded
		ADDED from src\main\AndroidManifest.xml:53:15-44
	android:windowSoftInputMode
		ADDED from src\main\AndroidManifest.xml:56:15-62
	android:configChanges
		ADDED from src\main\AndroidManifest.xml:54:15-65
	android:theme
		ADDED from src\main\AndroidManifest.xml:55:15-73
	android:name
		ADDED from src\main\AndroidManifest.xml:50:15-46
intent-filter#android.intent.action.MAIN
ADDED from src\main\AndroidManifest.xml:57:7-60:23
action#android.intent.action.MAIN
ADDED from src\main\AndroidManifest.xml:58:9-60
	android:name
		ADDED from src\main\AndroidManifest.xml:58:17-58
intent-filter#android.intent.category.DEFAULT+com.google.zxing.client.android.SCAN
ADDED from src\main\AndroidManifest.xml:61:7-64:23
action#com.google.zxing.client.android.SCAN
ADDED from src\main\AndroidManifest.xml:62:9-70
	android:name
		ADDED from src\main\AndroidManifest.xml:62:17-68
category#android.intent.category.DEFAULT
ADDED from src\main\AndroidManifest.xml:63:9-67
	android:name
		ADDED from src\main\AndroidManifest.xml:63:19-65
intent-filter#android.intent.action.VIEW+android.intent.category.BROWSABLE+android.intent.category.DEFAULT
ADDED from src\main\AndroidManifest.xml:66:7-71:23
action#android.intent.action.VIEW
ADDED from src\main\AndroidManifest.xml:67:9-60
	android:name
		ADDED from src\main\AndroidManifest.xml:67:17-58
category#android.intent.category.BROWSABLE
ADDED from src\main\AndroidManifest.xml:69:9-69
	android:name
		ADDED from src\main\AndroidManifest.xml:69:19-67
data
ADDED from src\main\AndroidManifest.xml:70:9-92
	android:path
		ADDED from src\main\AndroidManifest.xml:70:70-90
	android:host
		ADDED from src\main\AndroidManifest.xml:70:37-69
	android:scheme
		ADDED from src\main\AndroidManifest.xml:70:15-36
	android:mimeType
		ADDED from src\main\AndroidManifest.xml:109:15-46
activity#com.google.zxing.client.android.PreferencesActivity
ADDED from src\main\AndroidManifest.xml:94:5-97:16
	android:stateNotNeeded
		ADDED from src\main\AndroidManifest.xml:96:15-44
	android:label
		ADDED from src\main\AndroidManifest.xml:95:15-55
	android:name
		ADDED from src\main\AndroidManifest.xml:94:15-50
activity#com.google.zxing.client.android.encode.EncodeActivity
ADDED from src\main\AndroidManifest.xml:98:5-117:16
	android:stateNotNeeded
		ADDED from src\main\AndroidManifest.xml:100:15-44
	android:label
		ADDED from src\main\AndroidManifest.xml:99:15-49
	android:name
		ADDED from src\main\AndroidManifest.xml:98:15-52
intent-filter#android.intent.category.DEFAULT+com.google.zxing.client.android.ENCODE
ADDED from src\main\AndroidManifest.xml:101:7-104:23
action#com.google.zxing.client.android.ENCODE
ADDED from src\main\AndroidManifest.xml:102:9-72
	android:name
		ADDED from src\main\AndroidManifest.xml:102:17-70
intent-filter#android.intent.action.SEND+android.intent.category.DEFAULT
ADDED from src\main\AndroidManifest.xml:106:7-110:23
action#android.intent.action.SEND
ADDED from src\main\AndroidManifest.xml:107:9-60
	android:name
		ADDED from src\main\AndroidManifest.xml:107:17-58
activity#com.google.zxing.client.android.book.SearchBookContentsActivity
ADDED from src\main\AndroidManifest.xml:118:5-127:16
	android:screenOrientation
		ADDED from src\main\AndroidManifest.xml:121:15-52
	android:stateNotNeeded
		ADDED from src\main\AndroidManifest.xml:120:15-44
	android:label
		ADDED from src\main\AndroidManifest.xml:119:15-47
	android:configChanges
		ADDED from src\main\AndroidManifest.xml:122:15-65
	android:name
		ADDED from src\main\AndroidManifest.xml:118:15-62
intent-filter#android.intent.category.DEFAULT+com.google.zxing.client.android.SEARCH_BOOK_CONTENTS
ADDED from src\main\AndroidManifest.xml:123:7-126:23
action#com.google.zxing.client.android.SEARCH_BOOK_CONTENTS
ADDED from src\main\AndroidManifest.xml:124:9-86
	android:name
		ADDED from src\main\AndroidManifest.xml:124:17-84
activity#com.google.zxing.client.android.share.ShareActivity
ADDED from src\main\AndroidManifest.xml:128:5-137:16
	android:screenOrientation
		ADDED from src\main\AndroidManifest.xml:131:15-47
	android:stateNotNeeded
		ADDED from src\main\AndroidManifest.xml:130:15-44
	android:label
		ADDED from src\main\AndroidManifest.xml:129:15-49
	android:theme
		ADDED from src\main\AndroidManifest.xml:132:15-57
	android:name
		ADDED from src\main\AndroidManifest.xml:128:15-50
intent-filter#android.intent.category.DEFAULT+com.google.zxing.client.android.SHARE
ADDED from src\main\AndroidManifest.xml:133:7-136:23
action#com.google.zxing.client.android.SHARE
ADDED from src\main\AndroidManifest.xml:134:9-71
	android:name
		ADDED from src\main\AndroidManifest.xml:134:17-69
activity#com.google.zxing.client.android.history.HistoryActivity
ADDED from src\main\AndroidManifest.xml:138:5-145:16
	android:stateNotNeeded
		ADDED from src\main\AndroidManifest.xml:140:15-44
	android:label
		ADDED from src\main\AndroidManifest.xml:139:15-52
	android:name
		ADDED from src\main\AndroidManifest.xml:138:15-54
intent-filter#android.intent.action.VIEW+android.intent.category.DEFAULT
ADDED from src\main\AndroidManifest.xml:141:7-144:23
activity#com.google.zxing.client.android.share.BookmarkPickerActivity
ADDED from src\main\AndroidManifest.xml:146:5-153:16
	android:stateNotNeeded
		ADDED from src\main\AndroidManifest.xml:148:15-44
	android:label
		ADDED from src\main\AndroidManifest.xml:147:15-59
	android:name
		ADDED from src\main\AndroidManifest.xml:146:15-59
intent-filter#android.intent.action.PICK+android.intent.category.DEFAULT
ADDED from src\main\AndroidManifest.xml:149:7-152:23
action#android.intent.action.PICK
ADDED from src\main\AndroidManifest.xml:150:9-60
	android:name
		ADDED from src\main\AndroidManifest.xml:150:17-58
activity#com.google.zxing.client.android.share.AppPickerActivity
ADDED from src\main\AndroidManifest.xml:154:5-162:16
	android:stateNotNeeded
		ADDED from src\main\AndroidManifest.xml:156:15-44
	android:label
		ADDED from src\main\AndroidManifest.xml:155:15-54
	android:configChanges
		ADDED from src\main\AndroidManifest.xml:157:15-50
	android:name
		ADDED from src\main\AndroidManifest.xml:154:15-54
activity#com.google.zxing.client.android.HelpActivity
ADDED from src\main\AndroidManifest.xml:163:5-169:16
	android:screenOrientation
		ADDED from src\main\AndroidManifest.xml:164:15-47
	android:name
		ADDED from src\main\AndroidManifest.xml:163:15-43